<?xml version="1.0" encoding="UTF-8"?>
<testsuite xmlns:xsi="http://www.w3.org/2001/XMLSchema-instance" xsi:noNamespaceSchemaLocation="https://maven.apache.org/surefire/maven-surefire-plugin/xsd/surefire-test-report.xsd" name="ie.tcd.jay.AppTest" time="0.016" tests="1" errors="0" skipped="0" failures="0">
  <properties>
    <property name="awt.toolkit" value="sun.awt.X11.XToolkit"/>
    <property name="java.specification.version" value="11"/>
    <property name="sun.cpu.isalist" value=""/>
    <property name="sun.jnu.encoding" value="UTF-8"/>
    <property name="java.class.path" value="/opt/IRWS_CA1_Jay_Birthariya/CA1_Search_Engine_Jay/target/test-classes:/opt/IRWS_CA1_Jay_Birthariya/CA1_Search_Engine_Jay/target/classes:/root/.m2/repository/org/apache/lucene/lucene-core/9.12.0/lucene-core-9.12.0.jar:/root/.m2/repository/org/apache/lucene/lucene-sandbox/9.12.0/lucene-sandbox-9.12.0.jar:/root/.m2/repository/org/apache/lucene/lucene-facet/9.12.0/lucene-facet-9.12.0.jar:/root/.m2/repository/org/apache/lucene/lucene-queryparser/9.12.0/lucene-queryparser-9.12.0.jar:/root/.m2/repository/org/apache/lucene/lucene-highlighter/9.12.0/lucene-highlighter-9.12.0.jar:/root/.m2/repository/org/apache/lucene/lucene-memory/9.12.0/lucene-memory-9.12.0.jar:/root/.m2/repository/org/apache/lucene/lucene-analysis-common/9.12.0/lucene-analysis-common-9.12.0.jar:/root/.m2/repository/org/apache/lucene/lucene-queries/9.12.0/lucene-queries-9.12.0.jar:/root/.m2/repository/org/apache/lucene/lucene-analyzers-common/8.11.4/lucene-analyzers-common-8.11.4.jar:/root/.m2/repository/org/apache/opennlp/opennlp-tools/1.9.3/opennlp-tools-1.9.3.jar:/root/.m2/repository/junit/junit/3.8.1/junit-3.8.1.jar:/root/.m2/repository/org/apache/logging/log4j/log4j-core/2.20.0/log4j-core-2.20.0.jar:/root/.m2/repository/org/apache/logging/log4j/log4j-api/2.20.0/log4j-api-2.20.0.jar:"/>
    <property name="java.vm.vendor" value="Ubuntu"/>
    <property name="sun.arch.data.model" value="64"/>
    <property name="java.vendor.url" value="https://ubuntu.com/"/>
    <property name="user.timezone" value=""/>
    <property name="java.vm.specification.version" value="11"/>
    <property name="os.name" value="Linux"/>
    <property name="sun.java.launcher" value="SUN_STANDARD"/>
    <property name="sun.boot.library.path" value="/usr/lib/jvm/java-11-openjdk-amd64/lib"/>
    <property name="sun.java.command" value="/opt/IRWS_CA1_Jay_Birthariya/CA1_Search_Engine_Jay/target/surefire/surefirebooter18124547224361054120.jar /opt/IRWS_CA1_Jay_Birthariya/CA1_Search_Engine_Jay/target/surefire 2024-10-18T21-27-24_970-jvmRun1 surefire17740711177757235720tmp surefire_07194190232657104928tmp"/>
    <property name="jdk.debug" value="release"/>
    <property name="surefire.test.class.path" value="/opt/IRWS_CA1_Jay_Birthariya/CA1_Search_Engine_Jay/target/test-classes:/opt/IRWS_CA1_Jay_Birthariya/CA1_Search_Engine_Jay/target/classes:/root/.m2/repository/org/apache/lucene/lucene-core/9.12.0/lucene-core-9.12.0.jar:/root/.m2/repository/org/apache/lucene/lucene-sandbox/9.12.0/lucene-sandbox-9.12.0.jar:/root/.m2/repository/org/apache/lucene/lucene-facet/9.12.0/lucene-facet-9.12.0.jar:/root/.m2/repository/org/apache/lucene/lucene-queryparser/9.12.0/lucene-queryparser-9.12.0.jar:/root/.m2/repository/org/apache/lucene/lucene-highlighter/9.12.0/lucene-highlighter-9.12.0.jar:/root/.m2/repository/org/apache/lucene/lucene-memory/9.12.0/lucene-memory-9.12.0.jar:/root/.m2/repository/org/apache/lucene/lucene-analysis-common/9.12.0/lucene-analysis-common-9.12.0.jar:/root/.m2/repository/org/apache/lucene/lucene-queries/9.12.0/lucene-queries-9.12.0.jar:/root/.m2/repository/org/apache/lucene/lucene-analyzers-common/8.11.4/lucene-analyzers-common-8.11.4.jar:/root/.m2/repository/org/apache/opennlp/opennlp-tools/1.9.3/opennlp-tools-1.9.3.jar:/root/.m2/repository/junit/junit/3.8.1/junit-3.8.1.jar:/root/.m2/repository/org/apache/logging/log4j/log4j-core/2.20.0/log4j-core-2.20.0.jar:/root/.m2/repository/org/apache/logging/log4j/log4j-api/2.20.0/log4j-api-2.20.0.jar:"/>
    <property name="sun.cpu.endian" value="little"/>
    <property name="user.home" value="/root"/>
    <property name="user.language" value="en"/>
    <property name="java.specification.vendor" value="Oracle Corporation"/>
    <property name="java.version.date" value="2024-07-16"/>
    <property name="java.home" value="/usr/lib/jvm/java-11-openjdk-amd64"/>
    <property name="file.separator" value="/"/>
    <property name="basedir" value="/opt/IRWS_CA1_Jay_Birthariya/CA1_Search_Engine_Jay"/>
    <property name="java.vm.compressedOopsMode" value="32-bit"/>
    <property name="line.separator" value="&#10;"/>
    <property name="java.specification.name" value="Java Platform API Specification"/>
    <property name="java.vm.specification.vendor" value="Oracle Corporation"/>
    <property name="java.awt.graphicsenv" value="sun.awt.X11GraphicsEnvironment"/>
    <property name="surefire.real.class.path" value="/opt/IRWS_CA1_Jay_Birthariya/CA1_Search_Engine_Jay/target/surefire/surefirebooter18124547224361054120.jar"/>
    <property name="sun.management.compiler" value="HotSpot 64-Bit Tiered Compilers"/>
    <property name="java.runtime.version" value="11.0.24+8-post-Ubuntu-1ubuntu322.04"/>
    <property name="user.name" value="root"/>
    <property name="path.separator" value=":"/>
    <property name="os.version" value="6.5.0-1025-azure"/>
    <property name="java.runtime.name" value="OpenJDK Runtime Environment"/>
    <property name="file.encoding" value="UTF-8"/>
    <property name="java.vm.name" value="OpenJDK 64-Bit Server VM"/>
    <property name="localRepository" value="/root/.m2/repository"/>
    <property name="java.vendor.url.bug" value="https://bugs.launchpad.net/ubuntu/+source/openjdk-lts"/>
    <property name="java.io.tmpdir" value="/tmp"/>
    <property name="java.version" value="11.0.24"/>
    <property name="user.dir" value="/opt/IRWS_CA1_Jay_Birthariya/CA1_Search_Engine_Jay"/>
    <property name="os.arch" value="amd64"/>
    <property name="java.vm.specification.name" value="Java Virtual Machine Specification"/>
    <property name="java.awt.printerjob" value="sun.print.PSPrinterJob"/>
    <property name="sun.os.patch.level" value="unknown"/>
    <property name="java.library.path" value="/usr/java/packages/lib:/usr/lib/x86_64-linux-gnu/jni:/lib/x86_64-linux-gnu:/usr/lib/x86_64-linux-gnu:/usr/lib/jni:/lib:/usr/lib"/>
    <property name="java.vm.info" value="mixed mode, sharing"/>
    <property name="java.vendor" value="Ubuntu"/>
    <property name="java.vm.version" value="11.0.24+8-post-Ubuntu-1ubuntu322.04"/>
    <property name="java.specification.maintenance.version" value="2"/>
    <property name="sun.io.unicode.encoding" value="UnicodeLittle"/>
    <property name="java.class.version" value="55.0"/>
  </properties>
  <testcase name="testApp" classname="ie.tcd.jay.AppTest" time="0.007"/>
</testsuite>